<?xml version="1.0" encoding="UTF-8"?>
<testsuite xmlns:xsi="http://www.w3.org/2001/XMLSchema-instance" xsi:noNamespaceSchemaLocation="https://maven.apache.org/surefire/maven-surefire-plugin/xsd/surefire-test-report-3.0.xsd" version="3.0" name="com.example.expensetracker.unit.service.JwtServiceTest" time="0.041" tests="3" errors="0" skipped="0" failures="0">
  <properties>
[...]
</properties>
  <testcase name="parseUserId_ShouldReturnNull_WhenTokenIsInvalid" classname="com.example.expensetracker.unit.service.JwtServiceTest" time="0.015"/>
  <testcase name="generateToken_ShouldCreateValidToken" classname="com.example.expensetracker.unit.service.JwtServiceTest" time="0.021"/>
  <testcase name="parseUserId_ShouldReturnCorrectUserId_WhenTokenIsValid" classname="com.example.expensetracker.unit.service.JwtServiceTest" time="0.004"/>
</testsuite>